# JRE version: Java(TM) SE Runtime Environment (8.0_05-b13) (build 1.8.0_05-b13)
# Java VM: Java HotSpot(TM) 64-Bit Server VM (25.5-b02 mixed mode windows-amd64 compressed oops)
Heap:
 PSYoungGen      total 50688K, used 29684K [0x0000000716100000, 0x000000071a480000, 0x00000007c0000000)
  eden space 44032K, 67% used [0x0000000716100000,0x0000000717dfd028,0x0000000718c00000)
  from space 6656K, 0% used [0x0000000718c00000,0x0000000718c00000,0x0000000719280000)
  to   space 9728K, 0% used [0x0000000719b00000,0x0000000719b00000,0x000000071a480000)
 ParOldGen       total 30720K, used 18870K [0x00000005c2200000, 0x00000005c4000000, 0x0000000716100000)
  object space 30720K, 61% used [0x00000005c2200000,0x00000005c346dab8,0x00000005c4000000)
 Metaspace       used 28961K, capacity 29292K, committed 29696K, reserved 1075200K
  class space    used 3936K, capacity 4012K, committed 4096K, reserved 1048576K
GC Heap History (10 events):
Event: 2.571 GC heap before
{Heap before GC invocations=16 (full 1):
 PSYoungGen      total 32768K, used 464K [0x0000000716100000, 0x0000000719580000, 0x00000007c0000000)
  eden space 29696K, 0% used [0x0000000716100000,0x0000000716100000,0x0000000717e00000)
  from space 3072K, 15% used [0x0000000717e00000,0x0000000717e74010,0x0000000718100000)
  to   space 3072K, 0% used [0x0000000719280000,0x0000000719280000,0x0000000719580000)
 ParOldGen       total 520704K, used 20967K [0x00000005c2200000, 0x00000005e1e80000, 0x0000000716100000)
  object space 520704K, 4% used [0x00000005c2200000,0x00000005c3679de8,0x00000005e1e80000)
 Metaspace       used 20726K, capacity 20966K, committed 21248K, reserved 1067008K
  class space    used 2894K, capacity 2958K, committed 3072K, reserved 1048576K
Event: 2.593 GC heap after
Heap after GC invocations=16 (full 1):
 PSYoungGen      total 32768K, used 0K [0x0000000716100000, 0x0000000719580000, 0x00000007c0000000)
  eden space 29696K, 0% used [0x0000000716100000,0x0000000716100000,0x0000000717e00000)
  from space 3072K, 0% used [0x0000000717e00000,0x0000000717e00000,0x0000000718100000)
  to   space 3072K, 0% used [0x0000000719280000,0x0000000719280000,0x0000000719580000)
 ParOldGen       total 18944K, used 12159K [0x00000005c2200000, 0x00000005c3480000, 0x0000000716100000)
  object space 18944K, 64% used [0x00000005c2200000,0x00000005c2ddff68,0x00000005c3480000)
 Metaspace       used 20726K, capacity 20966K, committed 21248K, reserved 1067008K
  class space    used 2894K, capacity 2958K, committed 3072K, reserved 1048576K
}
Event: 2.919 GC heap before
{Heap before GC invocations=17 (full 1):
 PSYoungGen      total 32768K, used 29696K [0x0000000716100000, 0x0000000719580000, 0x00000007c0000000)
  eden space 29696K, 100% used [0x0000000716100000,0x0000000717e00000,0x0000000717e00000)
  from space 3072K, 0% used [0x0000000717e00000,0x0000000717e00000,0x0000000718100000)
  to   space 3072K, 0% used [0x0000000719280000,0x0000000719280000,0x0000000719580000)
 ParOldGen       total 18944K, used 12159K [0x00000005c2200000, 0x00000005c3480000, 0x0000000716100000)
  object space 18944K, 64% used [0x00000005c2200000,0x00000005c2ddff68,0x00000005c3480000)
 Metaspace       used 26502K, capacity 26760K, committed 27136K, reserved 1073152K
  class space    used 3678K, capacity 3734K, committed 3840K, reserved 1048576K
Event: 2.922 GC heap after
Heap after GC invocations=17 (full 1):
 PSYoungGen      total 47104K, used 3063K [0x0000000716100000, 0x0000000719a00000, 0x00000007c0000000)
  eden space 44032K, 0% used [0x0000000716100000,0x0000000716100000,0x0000000718c00000)
  from space 3072K, 99% used [0x0000000719280000,0x000000071957df18,0x0000000719580000)
  to   space 6656K, 0% used [0x0000000718c00000,0x0000000718c00000,0x0000000719280000)
 ParOldGen       total 21504K, used 20001K [0x00000005c2200000, 0x00000005c3700000, 0x0000000716100000)
  object space 21504K, 93% used [0x00000005c2200000,0x00000005c35884b0,0x00000005c3700000)
 Metaspace       used 26502K, capacity 26760K, committed 27136K, reserved 1073152K
  class space    used 3678K, capacity 3734K, committed 3840K, reserved 1048576K
}
Event: 2.922 GC heap before
{Heap before GC invocations=18 (full 2):
 PSYoungGen      total 47104K, used 3063K [0x0000000716100000, 0x0000000719a00000, 0x00000007c0000000)
  eden space 44032K, 0% used [0x0000000716100000,0x0000000716100000,0x0000000718c00000)
  from space 3072K, 99% used [0x0000000719280000,0x000000071957df18,0x0000000719580000)
  to   space 6656K, 0% used [0x0000000718c00000,0x0000000718c00000,0x0000000719280000)
 ParOldGen       total 21504K, used 20001K [0x00000005c2200000, 0x00000005c3700000, 0x0000000716100000)
  object space 21504K, 93% used [0x00000005c2200000,0x00000005c35884b0,0x00000005c3700000)
 Metaspace       used 26502K, capacity 26760K, committed 27136K, reserved 1073152K
  class space    used 3678K, capacity 3734K, committed 3840K, reserved 1048576K
Event: 2.971 GC heap after
Heap after GC invocations=18 (full 2):
 PSYoungGen      total 47104K, used 0K [0x0000000716100000, 0x0000000719a00000, 0x00000007c0000000)
  eden space 44032K, 0% used [0x0000000716100000,0x0000000716100000,0x0000000718c00000)
  from space 3072K, 0% used [0x0000000719280000,0x0000000719280000,0x0000000719580000)
  to   space 6656K, 0% used [0x0000000718c00000,0x0000000718c00000,0x0000000719280000)
 ParOldGen       total 26624K, used 16802K [0x00000005c2200000, 0x00000005c3c00000, 0x0000000716100000)
  object space 26624K, 63% used [0x00000005c2200000,0x00000005c3268be0,0x00000005c3c00000)
 Metaspace       used 26502K, capacity 26760K, committed 27136K, reserved 1073152K
  class space    used 3678K, capacity 3734K, committed 3840K, reserved 1048576K
}
Event: 9.362 GC heap before
{Heap before GC invocations=19 (full 2):
 PSYoungGen      total 47104K, used 43811K [0x0000000716100000, 0x0000000719a00000, 0x00000007c0000000)
  eden space 44032K, 99% used [0x0000000716100000,0x0000000718bc8cb8,0x0000000718c00000)
  from space 3072K, 0% used [0x0000000719280000,0x0000000719280000,0x0000000719580000)
  to   space 6656K, 0% used [0x0000000718c00000,0x0000000718c00000,0x0000000719280000)
 ParOldGen       total 26624K, used 16802K [0x00000005c2200000, 0x00000005c3c00000, 0x0000000716100000)
  object space 26624K, 63% used [0x00000005c2200000,0x00000005c3268be0,0x00000005c3c00000)
 Metaspace       used 28434K, capacity 28718K, committed 29184K, reserved 1075200K
  class space    used 3898K, capacity 3975K, committed 4096K, reserved 1048576K
Event: 9.367 GC heap after
Heap after GC invocations=19 (full 2):
 PSYoungGen      total 50688K, used 6642K [0x0000000716100000, 0x000000071a480000, 0x00000007c0000000)
  eden space 44032K, 0% used [0x0000000716100000,0x0000000716100000,0x0000000718c00000)
  from space 6656K, 99% used [0x0000000718c00000,0x000000071927cae0,0x0000000719280000)
  to   space 9728K, 0% used [0x0000000719b00000,0x0000000719b00000,0x000000071a480000)
 ParOldGen       total 26624K, used 23025K [0x00000005c2200000, 0x00000005c3c00000, 0x0000000716100000)
  object space 26624K, 86% used [0x00000005c2200000,0x00000005c387c7d0,0x00000005c3c00000)
 Metaspace       used 28434K, capacity 28718K, committed 29184K, reserved 1075200K
  class space    used 3898K, capacity 3975K, committed 4096K, reserved 1048576K
}
Event: 9.367 GC heap before
{Heap before GC invocations=20 (full 3):
 PSYoungGen      total 50688K, used 6642K [0x0000000716100000, 0x000000071a480000, 0x00000007c0000000)
  eden space 44032K, 0% used [0x0000000716100000,0x0000000716100000,0x0000000718c00000)
  from space 6656K, 99% used [0x0000000718c00000,0x000000071927cae0,0x0000000719280000)
  to   space 9728K, 0% used [0x0000000719b00000,0x0000000719b00000,0x000000071a480000)
 ParOldGen       total 26624K, used 23025K [0x00000005c2200000, 0x00000005c3c00000, 0x0000000716100000)
  object space 26624K, 86% used [0x00000005c2200000,0x00000005c387c7d0,0x00000005c3c00000)
 Metaspace       used 28434K, capacity 28718K, committed 29184K, reserved 1075200K
  class space    used 3898K, capacity 3975K, committed 4096K, reserved 1048576K
Event: 9.447 GC heap after
Heap after GC invocations=20 (full 3):
 PSYoungGen      total 50688K, used 0K [0x0000000716100000, 0x000000071a480000, 0x00000007c0000000)
  eden space 44032K, 0% used [0x0000000716100000,0x0000000716100000,0x0000000718c00000)
  from space 6656K, 0% used [0x0000000718c00000,0x0000000718c00000,0x0000000719280000)
  to   space 9728K, 0% used [0x0000000719b00000,0x0000000719b00000,0x000000071a480000)
 ParOldGen       total 30720K, used 18870K [0x00000005c2200000, 0x00000005c4000000, 0x0000000716100000)
  object space 30720K, 61% used [0x00000005c2200000,0x00000005c346dab8,0x00000005c4000000)
 Metaspace       used 28434K, capacity 28718K, committed 29184K, reserved 1075200K
  class space    used 3898K, capacity 3975K, committed 4096K, reserved 1048576K
}

