# JRE version: Java(TM) SE Runtime Environment (8.0_05-b13) (build 1.8.0_05-b13)
# Java VM: Java HotSpot(TM) 64-Bit Server VM (25.5-b02 mixed mode windows-amd64 compressed oops)
Heap:
 PSYoungGen      total 58368K, used 27358K [0x0000000716100000, 0x000000071a900000, 0x00000007c0000000)
  eden space 48128K, 38% used [0x0000000716100000,0x000000071730d7a0,0x0000000719000000)
  from space 10240K, 86% used [0x0000000719b80000,0x000000071a42a3a0,0x000000071a580000)
  to   space 11776K, 0% used [0x0000000719000000,0x0000000719000000,0x0000000719b80000)
 ParOldGen       total 30720K, used 19120K [0x00000005c2200000, 0x00000005c4000000, 0x0000000716100000)
  object space 30720K, 62% used [0x00000005c2200000,0x00000005c34ac0d8,0x00000005c4000000)
 Metaspace       used 29140K, capacity 29452K, committed 29952K, reserved 1075200K
  class space    used 3946K, capacity 4044K, committed 4096K, reserved 1048576K
GC Heap History (10 events):
Event: 2.904 GC heap before
{Heap before GC invocations=17 (full 1):
 PSYoungGen      total 32768K, used 29696K [0x0000000716100000, 0x0000000719580000, 0x00000007c0000000)
  eden space 29696K, 100% used [0x0000000716100000,0x0000000717e00000,0x0000000717e00000)
  from space 3072K, 0% used [0x0000000717e00000,0x0000000717e00000,0x0000000718100000)
  to   space 3072K, 0% used [0x0000000719280000,0x0000000719280000,0x0000000719580000)
 ParOldGen       total 18944K, used 12160K [0x00000005c2200000, 0x00000005c3480000, 0x0000000716100000)
  object space 18944K, 64% used [0x00000005c2200000,0x00000005c2de0268,0x00000005c3480000)
 Metaspace       used 26503K, capacity 26760K, committed 27136K, reserved 1073152K
  class space    used 3674K, capacity 3734K, committed 3840K, reserved 1048576K
Event: 2.908 GC heap after
Heap after GC invocations=17 (full 1):
 PSYoungGen      total 47104K, used 3054K [0x0000000716100000, 0x0000000719a00000, 0x00000007c0000000)
  eden space 44032K, 0% used [0x0000000716100000,0x0000000716100000,0x0000000718c00000)
  from space 3072K, 99% used [0x0000000719280000,0x000000071957bbd0,0x0000000719580000)
  to   space 6656K, 0% used [0x0000000718c00000,0x0000000718c00000,0x0000000719280000)
 ParOldGen       total 20480K, used 20032K [0x00000005c2200000, 0x00000005c3600000, 0x0000000716100000)
  object space 20480K, 97% used [0x00000005c2200000,0x00000005c35900c8,0x00000005c3600000)
 Metaspace       used 26503K, capacity 26760K, committed 27136K, reserved 1073152K
  class space    used 3674K, capacity 3734K, committed 3840K, reserved 1048576K
}
Event: 2.908 GC heap before
{Heap before GC invocations=18 (full 2):
 PSYoungGen      total 47104K, used 3054K [0x0000000716100000, 0x0000000719a00000, 0x00000007c0000000)
  eden space 44032K, 0% used [0x0000000716100000,0x0000000716100000,0x0000000718c00000)
  from space 3072K, 99% used [0x0000000719280000,0x000000071957bbd0,0x0000000719580000)
  to   space 6656K, 0% used [0x0000000718c00000,0x0000000718c00000,0x0000000719280000)
 ParOldGen       total 20480K, used 20032K [0x00000005c2200000, 0x00000005c3600000, 0x0000000716100000)
  object space 20480K, 97% used [0x00000005c2200000,0x00000005c35900c8,0x00000005c3600000)
 Metaspace       used 26503K, capacity 26760K, committed 27136K, reserved 1073152K
  class space    used 3674K, capacity 3734K, committed 3840K, reserved 1048576K
Event: 2.958 GC heap after
Heap after GC invocations=18 (full 2):
 PSYoungGen      total 47104K, used 0K [0x0000000716100000, 0x0000000719a00000, 0x00000007c0000000)
  eden space 44032K, 0% used [0x0000000716100000,0x0000000716100000,0x0000000718c00000)
  from space 3072K, 0% used [0x0000000719280000,0x0000000719280000,0x0000000719580000)
  to   space 6656K, 0% used [0x0000000718c00000,0x0000000718c00000,0x0000000719280000)
 ParOldGen       total 26624K, used 16803K [0x00000005c2200000, 0x00000005c3c00000, 0x0000000716100000)
  object space 26624K, 63% used [0x00000005c2200000,0x00000005c3268e40,0x00000005c3c00000)
 Metaspace       used 26503K, capacity 26760K, committed 27136K, reserved 1073152K
  class space    used 3674K, capacity 3734K, committed 3840K, reserved 1048576K
}
Event: 9.355 GC heap before
{Heap before GC invocations=19 (full 2):
 PSYoungGen      total 47104K, used 44032K [0x0000000716100000, 0x0000000719a00000, 0x00000007c0000000)
  eden space 44032K, 100% used [0x0000000716100000,0x0000000718c00000,0x0000000718c00000)
  from space 3072K, 0% used [0x0000000719280000,0x0000000719280000,0x0000000719580000)
  to   space 6656K, 0% used [0x0000000718c00000,0x0000000718c00000,0x0000000719280000)
 ParOldGen       total 26624K, used 16803K [0x00000005c2200000, 0x00000005c3c00000, 0x0000000716100000)
  object space 26624K, 63% used [0x00000005c2200000,0x00000005c3268e40,0x00000005c3c00000)
 Metaspace       used 28422K, capacity 28718K, committed 29184K, reserved 1075200K
  class space    used 3893K, capacity 3975K, committed 4096K, reserved 1048576K
Event: 9.360 GC heap after
Heap after GC invocations=19 (full 2):
 PSYoungGen      total 50688K, used 6639K [0x0000000716100000, 0x000000071a580000, 0x00000007c0000000)
  eden space 44032K, 0% used [0x0000000716100000,0x0000000716100000,0x0000000718c00000)
  from space 6656K, 99% used [0x0000000718c00000,0x000000071927bd40,0x0000000719280000)
  to   space 10240K, 0% used [0x0000000719b80000,0x0000000719b80000,0x000000071a580000)
 ParOldGen       total 26624K, used 23449K [0x00000005c2200000, 0x00000005c3c00000, 0x0000000716100000)
  object space 26624K, 88% used [0x00000005c2200000,0x00000005c38e65a0,0x00000005c3c00000)
 Metaspace       used 28422K, capacity 28718K, committed 29184K, reserved 1075200K
  class space    used 3893K, capacity 3975K, committed 4096K, reserved 1048576K
}
Event: 9.360 GC heap before
{Heap before GC invocations=20 (full 3):
 PSYoungGen      total 50688K, used 6639K [0x0000000716100000, 0x000000071a580000, 0x00000007c0000000)
  eden space 44032K, 0% used [0x0000000716100000,0x0000000716100000,0x0000000718c00000)
  from space 6656K, 99% used [0x0000000718c00000,0x000000071927bd40,0x0000000719280000)
  to   space 10240K, 0% used [0x0000000719b80000,0x0000000719b80000,0x000000071a580000)
 ParOldGen       total 26624K, used 23449K [0x00000005c2200000, 0x00000005c3c00000, 0x0000000716100000)
  object space 26624K, 88% used [0x00000005c2200000,0x00000005c38e65a0,0x00000005c3c00000)
 Metaspace       used 28422K, capacity 28718K, committed 29184K, reserved 1075200K
  class space    used 3893K, capacity 3975K, committed 4096K, reserved 1048576K
Event: 9.452 GC heap after
Heap after GC invocations=20 (full 3):
 PSYoungGen      total 50688K, used 0K [0x0000000716100000, 0x000000071a580000, 0x00000007c0000000)
  eden space 44032K, 0% used [0x0000000716100000,0x0000000716100000,0x0000000718c00000)
  from space 6656K, 0% used [0x0000000718c00000,0x0000000718c00000,0x0000000719280000)
  to   space 10240K, 0% used [0x0000000719b80000,0x0000000719b80000,0x000000071a580000)
 ParOldGen       total 30720K, used 19112K [0x00000005c2200000, 0x00000005c4000000, 0x0000000716100000)
  object space 30720K, 62% used [0x00000005c2200000,0x00000005c34aa0d8,0x00000005c4000000)
 Metaspace       used 28422K, capacity 28718K, committed 29184K, reserved 1075200K
  class space    used 3893K, capacity 3975K, committed 4096K, reserved 1048576K
}
Event: 50.064 GC heap before
{Heap before GC invocations=21 (full 3):
 PSYoungGen      total 50688K, used 44032K [0x0000000716100000, 0x000000071a580000, 0x00000007c0000000)
  eden space 44032K, 100% used [0x0000000716100000,0x0000000718c00000,0x0000000718c00000)
  from space 6656K, 0% used [0x0000000718c00000,0x0000000718c00000,0x0000000719280000)
  to   space 10240K, 0% used [0x0000000719b80000,0x0000000719b80000,0x000000071a580000)
 ParOldGen       total 30720K, used 19112K [0x00000005c2200000, 0x00000005c4000000, 0x0000000716100000)
  object space 30720K, 62% used [0x00000005c2200000,0x00000005c34aa0d8,0x00000005c4000000)
 Metaspace       used 29091K, capacity 29452K, committed 29952K, reserved 1075200K
  class space    used 3941K, capacity 4044K, committed 4096K, reserved 1048576K
Event: 50.068 GC heap after
Heap after GC invocations=21 (full 3):
 PSYoungGen      total 58368K, used 8872K [0x0000000716100000, 0x000000071a900000, 0x00000007c0000000)
  eden space 48128K, 0% used [0x0000000716100000,0x0000000716100000,0x0000000719000000)
  from space 10240K, 86% used [0x0000000719b80000,0x000000071a42a3a0,0x000000071a580000)
  to   space 11776K, 0% used [0x0000000719000000,0x0000000719000000,0x0000000719b80000)
 ParOldGen       total 30720K, used 19120K [0x00000005c2200000, 0x00000005c4000000, 0x0000000716100000)
  object space 30720K, 62% used [0x00000005c2200000,0x00000005c34ac0d8,0x00000005c4000000)
 Metaspace       used 29091K, capacity 29452K, committed 29952K, reserved 1075200K
  class space    used 3941K, capacity 4044K, committed 4096K, reserved 1048576K
}

